app/build/outputs/logs/manifest-merger-debug-report.txt
-- Merging decision tree log ---
manifest
ADDED from src\main\AndroidManifest.xml:2:1-26:12
INJECTED from src\main\AndroidManifest.xml:2:1-26:12
INJECTED from src\main\AndroidManifest.xml:2:1-26:12
INJECTED from src\main\AndroidManifest.xml:2:1-26:12
MERGED from [com.google.android.gms:play-services-ads:15.0.0] AndroidManifest.xml:17:1-25:12
MERGED from [com.android.support:customtabs:26.1.0] AndroidManifest.xml:17:1-28:12
MERGED from [com.google.android.gms:play-services-ads-lite:15.0.0] AndroidManifest.xml:17:1-36:12
MERGED from [com.google.android.gms:play-services-gass:15.0.0] AndroidManifest.xml:2:1-9:12
MERGED from [com.google.android.gms:play-services-ads-base:15.0.0] AndroidManifest.xml:17:1-24:12
MERGED from [com.google.android.gms:play-services-ads-identifier:15.0.1] AndroidManifest.xml:17:1-24:12
MERGED from [com.google.android.gms:play-services-basement:15.0.1] AndroidManifest.xml:17:1-28:12
MERGED from [com.android.support:support-v4:26.1.0] AndroidManifest.xml:17:1-31:12
MERGED from [com.android.support:support-media-compat:26.1.0] AndroidManifest.xml:17:1-31:12
MERGED from [com.android.support:support-fragment:26.1.0] AndroidManifest.xml:17:1-31:12
MERGED from [com.android.support:support-core-utils:26.1.0] AndroidManifest.xml:17:1-31:12
MERGED from [com.android.support:support-core-ui:26.1.0] AndroidManifest.xml:17:1-31:12
MERGED from [com.android.support:support-compat:26.1.0] AndroidManifest.xml:17:1-31:12
MERGED from [android.arch.lifecycle:runtime:1.0.0] AndroidManifest.xml:17:1-30:12
INJECTED from src\main\AndroidManifest.xml:2:1-26:12
INJECTED from src\main\AndroidManifest.xml:2:1-26:12
INJECTED from src\main\AndroidManifest.xml:2:1-26:12
	package
		ADDED from src\main\AndroidManifest.xml:3:5-25
		INJECTED from src\main\AndroidManifest.xml
		INJECTED from src\main\AndroidManifest.xml
	android:versionName
		ADDED from src\main\AndroidManifest.xml:5:5-32
		INJECTED from src\main\AndroidManifest.xml
		INJECTED from src\main\AndroidManifest.xml
	xmlns:android
		ADDED from src\main\AndroidManifest.xml:2:11-69
	android:versionCode
		ADDED from src\main\AndroidManifest.xml:4:5-29
		INJECTED from src\main\AndroidManifest.xml
		INJECTED from src\main\AndroidManifest.xml
uses-sdk
ADDED from src\main\AndroidManifest.xml:6:5-44
INJECTED from src\main\AndroidManifest.xml:6:5-44
INJECTED from src\main\AndroidManifest.xml:6:5-44
MERGED from [com.google.android.gms:play-services-ads:15.0.0] AndroidManifest.xml:21:5-23:62
MERGED from [com.google.android.gms:play-services-ads:15.0.0] AndroidManifest.xml:21:5-23:62
MERGED from [com.android.support:customtabs:26.1.0] AndroidManifest.xml:20:5-44
MERGED from [com.android.support:customtabs:26.1.0] AndroidManifest.xml:20:5-44
MERGED from [com.google.android.gms:play-services-ads-lite:15.0.0] AndroidManifest.xml:20:5-44
MERGED from [com.google.android.gms:play-services-ads-lite:15.0.0] AndroidManifest.xml:20:5-44
MERGED from [com.google.android.gms:play-services-gass:15.0.0] AndroidManifest.xml:5:5-44
MERGED from [com.google.android.gms:play-services-gass:15.0.0] AndroidManifest.xml:5:5-44
MERGED from [com.google.android.gms:play-services-ads-base:15.0.0] AndroidManifest.xml:20:5-44
MERGED from [com.google.android.gms:play-services-ads-base:15.0.0] AndroidManifest.xml:20:5-44
MERGED from [com.google.android.gms:play-services-ads-identifier:15.0.1] AndroidManifest.xml:20:5-44
MERGED from [com.google.android.gms:play-services-ads-identifier:15.0.1] AndroidManifest.xml:20:5-44
MERGED from [com.google.android.gms:play-services-basement:15.0.1] AndroidManifest.xml:20:5-44
MERGED from [com.google.android.gms:play-services-basement:15.0.1] AndroidManifest.xml:20:5-44
MERGED from [com.android.support:support-v4:26.1.0] AndroidManifest.xml:21:5-23:54
MERGED from [com.android.support:support-v4:26.1.0] AndroidManifest.xml:21:5-23:54
MERGED from [com.android.support:support-media-compat:26.1.0] AndroidManifest.xml:21:5-23:63
MERGED from [com.android.support:support-media-compat:26.1.0] AndroidManifest.xml:21:5-23:63
MERGED from [com.android.support:support-fragment:26.1.0] AndroidManifest.xml:21:5-23:60
MERGED from [com.android.support:support-fragment:26.1.0] AndroidManifest.xml:21:5-23:60
MERGED from [com.android.support:support-core-utils:26.1.0] AndroidManifest.xml:21:5-23:61
MERGED from [com.android.support:support-core-utils:26.1.0] AndroidManifest.xml:21:5-23:61
MERGED from [com.android.support:support-core-ui:26.1.0] AndroidManifest.xml:21:5-23:58
MERGED from [com.android.support:support-core-ui:26.1.0] AndroidManifest.xml:21:5-23:58
MERGED from [com.android.support:support-compat:26.1.0] AndroidManifest.xml:21:5-23:58
MERGED from [com.android.support:support-compat:26.1.0] AndroidManifest.xml:21:5-23:58
MERGED from [android.arch.lifecycle:runtime:1.0.0] AndroidManifest.xml:20:5-22:41
MERGED from [android.arch.lifecycle:runtime:1.0.0] AndroidManifest.xml:20:5-22:41
INJECTED from src\main\AndroidManifest.xml:6:5-44
INJECTED from src\main\AndroidManifest.xml:6:5-44
	tools:overrideLibrary
		ADDED from [com.google.android.gms:play-services-ads:15.0.0] AndroidManifest.xml:23:9-59
	android:targetSdkVersion
		INJECTED from src\main\AndroidManifest.xml
		ADDED from src\main\AndroidManifest.xml:6:5-44
		INJECTED from src\main\AndroidManifest.xml
	android:minSdkVersion
		ADDED from src\main\AndroidManifest.xml:6:15-41
		INJECTED from src\main\AndroidManifest.xml
		INJECTED from src\main\AndroidManifest.xml
application
ADDED from src\main\AndroidManifest.xml:7:5-23:19
MERGED from [com.android.support:customtabs:26.1.0] AndroidManifest.xml:22:5-26:19
MERGED from [com.android.support:customtabs:26.1.0] AndroidManifest.xml:22:5-26:19
MERGED from [com.google.android.gms:play-services-ads-lite:15.0.0] AndroidManifest.xml:26:5-34:19
MERGED from [com.google.android.gms:play-services-ads-lite:15.0.0] AndroidManifest.xml:26:5-34:19
MERGED from [com.google.android.gms:play-services-gass:15.0.0] AndroidManifest.xml:7:5-20
MERGED from [com.google.android.gms:play-services-gass:15.0.0] AndroidManifest.xml:7:5-20
MERGED from [com.google.android.gms:play-services-ads-base:15.0.0] AndroidManifest.xml:22:5-20
MERGED from [com.google.android.gms:play-services-ads-base:15.0.0] AndroidManifest.xml:22:5-20
MERGED from [com.google.android.gms:play-services-ads-identifier:15.0.1] AndroidManifest.xml:22:5-20
MERGED from [com.google.android.gms:play-services-ads-identifier:15.0.1] AndroidManifest.xml:22:5-20
MERGED from [com.google.android.gms:play-services-basement:15.0.1] AndroidManifest.xml:22:5-26:19
MERGED from [com.google.android.gms:play-services-basement:15.0.1] AndroidManifest.xml:22:5-26:19
MERGED from [com.android.support:support-v4:26.1.0] AndroidManifest.xml:25:5-29:19
MERGED from [com.android.support:support-v4:26.1.0] AndroidManifest.xml:25:5-29:19
MERGED from [com.android.support:support-media-compat:26.1.0] AndroidManifest.xml:25:5-29:19
MERGED from [com.android.support:support-media-compat:26.1.0] AndroidManifest.xml:25:5-29:19
MERGED from [com.android.support:support-fragment:26.1.0] AndroidManifest.xml:25:5-29:19
MERGED from [com.android.support:support-fragment:26.1.0] AndroidManifest.xml:25:5-29:19
MERGED from [com.android.support:support-core-utils:26.1.0] AndroidManifest.xml:25:5-29:19
MERGED from [com.android.support:support-core-utils:26.1.0] AndroidManifest.xml:25:5-29:19
MERGED from [com.android.support:support-core-ui:26.1.0] AndroidManifest.xml:25:5-29:19
MERGED from [com.android.support:support-core-ui:26.1.0] AndroidManifest.xml:25:5-29:19
MERGED from [com.android.support:support-compat:26.1.0] AndroidManifest.xml:25:5-29:19
MERGED from [com.android.support:support-compat:26.1.0] AndroidManifest.xml:25:5-29:19
MERGED from [android.arch.lifecycle:runtime:1.0.0] AndroidManifest.xml:24:5-28:19
MERGED from [android.arch.lifecycle:runtime:1.0.0] AndroidManifest.xml:24:5-28:19
	android:label
		ADDED from src\main\AndroidManifest.xml:9:9-41
	android:icon
		ADDED from src\main\AndroidManifest.xml:8:9-38
meta-data#com.google.android.gms.version
ADDED from src\main\AndroidManifest.xml:10:5-117
MERGED from [com.google.android.gms:play-services-basement:15.0.1] AndroidManifest.xml:23:9-25:69
MERGED from [com.google.android.gms:play-services-basement:15.0.1] AndroidManifest.xml:23:9-25:69
	android:value
		ADDED from src\main\AndroidManifest.xml:10:62-115
	android:name
		ADDED from src\main\AndroidManifest.xml:10:16-61
activity#droid.surf.SurfRecordActivity
ADDED from src\main\AndroidManifest.xml:11:9-18:20
	android:label
		ADDED from src\main\AndroidManifest.xml:13:13-45
	android:name
		ADDED from src\main\AndroidManifest.xml:12:13-47
intent-filter#action:name:android.intent.action.MAIN+category:name:android.intent.category.LAUNCHER
ADDED from src\main\AndroidManifest.xml:14:13-17:29
action#android.intent.action.MAIN
ADDED from src\main\AndroidManifest.xml:15:17-69
	android:name
		ADDED from src\main\AndroidManifest.xml:15:25-66
category#android.intent.category.LAUNCHER
ADDED from src\main\AndroidManifest.xml:16:17-77
	android:name
		ADDED from src\main\AndroidManifest.xml:16:27-74
activity#droid.surf.SurfRecordDetailActivity
ADDED from src\main\AndroidManifest.xml:19:9-70
	android:name
		ADDED from src\main\AndroidManifest.xml:19:19-58
activity#droid.surf.SurfRecordChartActivity
ADDED from src\main\AndroidManifest.xml:20:9-69
	android:name
		ADDED from src\main\AndroidManifest.xml:20:19-57
activity#droid.surf.SurfRecordLogListActivity
ADDED from src\main\AndroidManifest.xml:21:9-71
	android:name
		ADDED from src\main\AndroidManifest.xml:21:19-59
activity#com.google.android.gms.ads.AdActivity
ADDED from src\main\AndroidManifest.xml:22:9-183
MERGED from [com.google.android.gms:play-services-ads-lite:15.0.0] AndroidManifest.xml:29:9-33:64
MERGED from [com.google.android.gms:play-services-ads-lite:15.0.0] AndroidManifest.xml:29:9-33:64
	android:exported
		ADDED from [com.google.android.gms:play-services-ads-lite:15.0.0] AndroidManifest.xml:32:13-37
	android:configChanges
		ADDED from src\main\AndroidManifest.xml:22:72-181
	android:theme
		ADDED from [com.google.android.gms:play-services-ads-lite:15.0.0] AndroidManifest.xml:33:13-61
	android:name
		ADDED from src\main\AndroidManifest.xml:22:19-71
uses-permission#android.permission.INTERNET
ADDED from src\main\AndroidManifest.xml:24:2-63
MERGED from [com.google.android.gms:play-services-ads-lite:15.0.0] AndroidManifest.xml:23:5-67
MERGED from [com.google.android.gms:play-services-ads-lite:15.0.0] AndroidManifest.xml:23:5-67
	android:name
		ADDED from src\main\AndroidManifest.xml:24:19-61
uses-permission#android.permission.ACCESS_NETWORK_STATE
ADDED from src\main\AndroidManifest.xml:25:2-75
MERGED from [com.google.android.gms:play-services-ads-lite:15.0.0] AndroidManifest.xml:24:5-79
MERGED from [com.google.android.gms:play-services-ads-lite:15.0.0] AndroidManifest.xml:24:5-79
	android:name
		ADDED from src\main\AndroidManifest.xml:25:19-73
meta-data#android.support.VERSION
ADDED from [com.android.support:customtabs:26.1.0] AndroidManifest.xml:23:9-25:38
MERGED from [com.android.support:support-v4:26.1.0] AndroidManifest.xml:26:9-28:38
MERGED from [com.android.support:support-v4:26.1.0] AndroidManifest.xml:26:9-28:38
MERGED from [com.android.support:support-media-compat:26.1.0] AndroidManifest.xml:26:9-28:38
MERGED from [com.android.support:support-media-compat:26.1.0] AndroidManifest.xml:26:9-28:38
MERGED from [com.android.support:support-fragment:26.1.0] AndroidManifest.xml:26:9-28:38
MERGED from [com.android.support:support-fragment:26.1.0] AndroidManifest.xml:26:9-28:38
MERGED from [com.android.support:support-core-utils:26.1.0] AndroidManifest.xml:26:9-28:38
MERGED from [com.android.support:support-core-utils:26.1.0] AndroidManifest.xml:26:9-28:38
MERGED from [com.android.support:support-core-ui:26.1.0] AndroidManifest.xml:26:9-28:38
MERGED from [com.android.support:support-core-ui:26.1.0] AndroidManifest.xml:26:9-28:38
MERGED from [com.android.support:support-compat:26.1.0] AndroidManifest.xml:26:9-28:38
MERGED from [com.android.support:support-compat:26.1.0] AndroidManifest.xml:26:9-28:38
	android:value
		ADDED from [com.android.support:customtabs:26.1.0] AndroidManifest.xml:25:13-35
	android:name
		ADDED from [com.android.support:customtabs:26.1.0] AndroidManifest.xml:24:13-51
meta-data#android.arch.lifecycle.VERSION
ADDED from [android.arch.lifecycle:runtime:1.0.0] AndroidManifest.xml:25:9-27:47
	android:value
		ADDED from [android.arch.lifecycle:runtime:1.0.0] AndroidManifest.xml:27:13-44
	android:name
		ADDED from [android.arch.lifecycle:runtime:1.0.0] AndroidManifest.xml:26:13-58